<?xml version="1.0" encoding="UTF-8"?>
<!-- Generated by org.testng.reporters.JUnitReportReporter -->
<testsuite hostname="LAPTOP-SMJ68QD9" failures="0" tests="1" name="AuthTest.BasicAuthTest" time="2.261" errors="0" timestamp="2024-06-26T12:22:58 IST" skipped="0">
  <testcase classname="AuthTest.BasicAuthTest" name="SampleTest" time="2.261"/>
</testsuite> <!-- AuthTest.BasicAuthTest -->
