<?xml version="1.0" encoding="UTF-8"?>
<!-- Generated by org.testng.reporters.JUnitReportReporter -->
<testsuite hostname="LAPTOP-SMJ68QD9" failures="0" tests="1" name="com.sample.crud.withoutBdd.SampleTestForRead" time="1.579" errors="0" timestamp="2024-06-21T13:08:28 IST" skipped="0">
  <testcase classname="com.sample.crud.withoutBdd.SampleTestForRead" name="getDataFromServer" time="1.579"/>
</testsuite> <!-- com.sample.crud.withoutBdd.SampleTestForRead -->
