<?xml version="1.0" encoding="UTF-8"?>
<!-- Generated by org.testng.reporters.JUnitReportReporter -->
<testsuite hostname="LAPTOP-SMJ68QD9" failures="0" tests="1" name="RequestChaining.Scenario_1_Delete_Project" time="2.233" errors="0" timestamp="2024-06-25T14:52:46 IST" skipped="0">
  <testcase classname="RequestChaining.Scenario_1_Delete_Project" name="postDataToServer" time="2.233"/>
</testsuite> <!-- RequestChaining.Scenario_1_Delete_Project -->
