<?xml version="1.0" encoding="UTF-8"?>
<!-- Generated by org.testng.reporters.JUnitReportReporter -->
<testsuite hostname="LAPTOP-SMJ68QD9" failures="0" tests="1" name="encryption.AESEnpTest" time="0.048" errors="0" timestamp="2024-06-28T11:22:17 IST" skipped="0">
  <testcase classname="encryption.AESEnpTest" name="sampleTest" time="0.048"/>
</testsuite> <!-- encryption.AESEnpTest -->
