<?xml version="1.0" encoding="UTF-8"?>
<!-- Generated by org.testng.reporters.JUnitReportReporter -->
<testsuite hostname="LAPTOP-SMJ68QD9" failures="0" tests="1" name="AuthTest.DigestiveAuthTest2" time="1.941" errors="0" timestamp="2024-06-26T12:25:30 IST" skipped="0">
  <testcase classname="AuthTest.DigestiveAuthTest2" name="SampleTest" time="1.941"/>
</testsuite> <!-- AuthTest.DigestiveAuthTest2 -->
