<?xml version="1.0" encoding="UTF-8"?>
<!-- Generated by org.testng.reporters.JUnitReportReporter -->
<testsuite hostname="LAPTOP-SMJ68QD9" failures="0" tests="1" name="com.sample.crud.withBddTest.SampleTestForCompleteUpdateTest" time="1.551" errors="0" timestamp="2024-06-26T23:45:52 IST" skipped="0">
  <testcase classname="com.sample.crud.withBddTest.SampleTestForCompleteUpdateTest" name="postDataToServer" time="1.551"/>
</testsuite> <!-- com.sample.crud.withBddTest.SampleTestForCompleteUpdateTest -->
