<?xml version="1.0" encoding="UTF-8"?>
<!-- Generated by org.testng.reporters.JUnitReportReporter -->
<testsuite hostname="LAPTOP-SMJ68QD9" failures="0" tests="1" name="PracticeresponseValidation.VerifyResponseTimeTest" time="2.732" errors="0" timestamp="2024-08-21T16:38:45 IST" skipped="0">
  <testcase classname="PracticeresponseValidation.VerifyResponseTimeTest" name="verifyHeader" time="2.732"/>
</testsuite> <!-- PracticeresponseValidation.VerifyResponseTimeTest -->
