<?xml version="1.0" encoding="UTF-8"?>
<!-- Generated by org.testng.reporters.JUnitReportReporter -->
<testsuite hostname="LAPTOP-SMJ68QD9" failures="0" tests="1" name="encryption.API_EncodeTest" time="2.795" errors="0" timestamp="2024-06-28T10:44:57 IST" skipped="0">
  <testcase classname="encryption.API_EncodeTest" name="SampleTest" time="2.795"/>
</testsuite> <!-- encryption.API_EncodeTest -->
