<?xml version="1.0" encoding="UTF-8"?>
<!-- Generated by org.testng.reporters.JUnitReportReporter -->
<testsuite hostname="LAPTOP-SMJ68QD9" failures="0" tests="1" name="com.sample.crud.withoutBdd.SampleTestForPartailUpdateTest" time="1.338" errors="0" timestamp="2024-06-20T18:32:36 IST" skipped="0">
  <testcase classname="com.sample.crud.withoutBdd.SampleTestForPartailUpdateTest" name="putDataToServer" time="1.338"/>
</testsuite> <!-- com.sample.crud.withoutBdd.SampleTestForPartailUpdateTest -->
