<?xml version="1.0" encoding="UTF-8"?>
<!-- Generated by org.testng.reporters.JUnitReportReporter -->
<testsuite hostname="LAPTOP-SMJ68QD9" failures="0" tests="1" name="practice.postRequestTypes.PostReq_Vai_HashMapTest" time="3.379" errors="0" timestamp="2024-08-26T15:51:54 IST" skipped="0">
  <testcase classname="practice.postRequestTypes.PostReq_Vai_HashMapTest" name="postDataToServer" time="3.379"/>
</testsuite> <!-- practice.postRequestTypes.PostReq_Vai_HashMapTest -->
