<?xml version="1.0" encoding="UTF-8"?>
<!-- Generated by org.testng.reporters.JUnitReportReporter -->
<testsuite hostname="LAPTOP-SMJ68QD9" failures="0" tests="1" name="practice.postRequestTypes.PostReq_Vai_JSonObject" time="1.727" errors="0" timestamp="2024-08-14T10:08:09 IST" skipped="0">
  <testcase classname="practice.postRequestTypes.PostReq_Vai_JSonObject" name="postDataToServer" time="1.727"/>
</testsuite> <!-- practice.postRequestTypes.PostReq_Vai_JSonObject -->
