<?xml version="1.0" encoding="UTF-8"?>
<!-- Generated by org.testng.reporters.JUnitReportReporter -->
<testsuite hostname="LAPTOP-SMJ68QD9" failures="0" tests="1" name="AuthTest.PremtiveAuthTest3" time="1.665" errors="0" timestamp="2024-06-26T12:28:41 IST" skipped="0">
  <testcase classname="AuthTest.PremtiveAuthTest3" name="SampleTest" time="1.665"/>
</testsuite> <!-- AuthTest.PremtiveAuthTest3 -->
