<?xml version="1.0" encoding="UTF-8"?>
<!-- Generated by org.testng.reporters.JUnitReportReporter -->
<testsuite hostname="LAPTOP-SMJ68QD9" failures="0" tests="1" name="pac.Run1" time="0.023" errors="0" timestamp="2024-06-27T20:21:51 IST" skipped="0">
  <testcase classname="pac.Run1" name="sampleTest" time="0.023"/>
</testsuite> <!-- pac.Run1 -->
