<?xml version="1.0" encoding="UTF-8"?>
<!-- Generated by org.testng.reporters.JUnitReportReporter -->
<testsuite hostname="LAPTOP-SMJ68QD9" failures="0" tests="10" name="DDT.AddMultipleProjectTest" time="1.424" errors="0" timestamp="2024-06-28T15:49:34 IST" skipped="0">
  <testcase classname="DDT.AddMultipleProjectTest" name="sampleTest" time="0.015"/>
  <testcase classname="DDT.AddMultipleProjectTest" name="sampleTest" time="0.019"/>
  <testcase classname="DDT.AddMultipleProjectTest" name="sampleTest" time="0.022"/>
  <testcase classname="DDT.AddMultipleProjectTest" name="sampleTest" time="1.234"/>
  <testcase classname="DDT.AddMultipleProjectTest" name="sampleTest" time="0.025"/>
  <testcase classname="DDT.AddMultipleProjectTest" name="sampleTest" time="0.024"/>
  <testcase classname="DDT.AddMultipleProjectTest" name="sampleTest" time="0.028"/>
  <testcase classname="DDT.AddMultipleProjectTest" name="sampleTest" time="0.019"/>
  <testcase classname="DDT.AddMultipleProjectTest" name="sampleTest" time="0.016"/>
  <testcase classname="DDT.AddMultipleProjectTest" name="sampleTest" time="0.022"/>
</testsuite> <!-- DDT.AddMultipleProjectTest -->
