<?xml version="1.0" encoding="UTF-8"?>
<!-- Generated by org.testng.reporters.JUnitReportReporter -->
<testsuite hostname="LAPTOP-SMJ68QD9" failures="0" tests="1" name="pac.SampleTest" time="3.521" errors="0" timestamp="2024-06-27T20:22:24 IST" skipped="0">
  <testcase classname="pac.SampleTest" name="sampleGetReqTest" time="3.521"/>
</testsuite> <!-- pac.SampleTest -->
