<?xml version="1.0" encoding="UTF-8"?>
<!-- Generated by org.testng.reporters.JUnitReportReporter -->
<testsuite hostname="LAPTOP-SMJ68QD9" failures="0" tests="1" name="encryption.UpdatePayInfoViaAESEncption" time="1.408" errors="0" timestamp="2024-06-28T13:04:46 IST" skipped="0">
  <testcase classname="encryption.UpdatePayInfoViaAESEncption" name="sampleTest" time="1.408"/>
</testsuite> <!-- encryption.UpdatePayInfoViaAESEncption -->
