<?xml version="1.0" encoding="UTF-8"?>
<!-- Generated by org.testng.reporters.JUnitReportReporter -->
<testsuite hostname="LAPTOP-SMJ68QD9" failures="0" tests="1" name="PracticeresponseValidation.VerifyResponseHeaderTest" time="2.903" errors="0" timestamp="2024-09-03T13:28:28 IST" skipped="0">
  <testcase classname="PracticeresponseValidation.VerifyResponseHeaderTest" name="verifyHeader" time="2.903"/>
</testsuite> <!-- PracticeresponseValidation.VerifyResponseHeaderTest -->
