<?xml version="1.0" encoding="UTF-8"?>
<!-- Generated by org.testng.reporters.JUnitReportReporter -->
<testsuite hostname="LAPTOP-SMJ68QD9" failures="0" tests="1" name="panCardMock.PaymentTest" time="3.021" errors="0" timestamp="2024-07-01T11:17:11 IST" skipped="0">
  <testcase classname="panCardMock.PaymentTest" name="sampleTest" time="3.021"/>
</testsuite> <!-- panCardMock.PaymentTest -->
