<?xml version="1.0" encoding="UTF-8"?>
<!-- Generated by org.testng.reporters.JUnitReportReporter -->
<testsuite hostname="LAPTOP-SMJ68QD9" failures="0" tests="1" name="com.sample.crud.withoutBdd.SampleTestForCreateTest" time="1.834" errors="0" timestamp="2024-06-21T12:24:11 IST" skipped="0">
  <testcase classname="com.sample.crud.withoutBdd.SampleTestForCreateTest" name="postDataToServer" time="1.834"/>
</testsuite> <!-- com.sample.crud.withoutBdd.SampleTestForCreateTest -->
