<?xml version="1.0" encoding="UTF-8"?>
<!-- Generated by org.testng.reporters.JUnitReportReporter -->
<testsuite hostname="LAPTOP-SMJ68QD9" failures="0" tests="1" name="encryption.EncodeAndDecodeTest" time="0.015" errors="0" timestamp="2024-06-28T10:43:29 IST" skipped="0">
  <testcase classname="encryption.EncodeAndDecodeTest" name="SampleTest" time="0.015"/>
</testsuite> <!-- encryption.EncodeAndDecodeTest -->
