<?xml version="1.0" encoding="UTF-8"?>
<!-- Generated by org.testng.reporters.JUnitReportReporter -->
<testsuite hostname="LAPTOP-SMJ68QD9" failures="0" tests="1" name="com.sample.crud.withBddTest.SampleTestForPartailUpdateTest" time="2.531" errors="0" timestamp="2024-06-21T11:26:47 IST" skipped="0">
  <testcase classname="com.sample.crud.withBddTest.SampleTestForPartailUpdateTest" name="putDataToServer" time="2.531"/>
</testsuite> <!-- com.sample.crud.withBddTest.SampleTestForPartailUpdateTest -->
