<?xml version="1.0" encoding="UTF-8"?>
<!-- Generated by org.testng.reporters.JUnitReportReporter -->
<testsuite hostname="LAPTOP-SMJ68QD9" failures="0" tests="1" name="com.sample.crud.withoutBdd.SampleTestForDeleteTest" time="1.438" errors="0" timestamp="2024-06-21T13:09:30 IST" skipped="0">
  <testcase classname="com.sample.crud.withoutBdd.SampleTestForDeleteTest" name="DeleteDataFromServer" time="1.438"/>
</testsuite> <!-- com.sample.crud.withoutBdd.SampleTestForDeleteTest -->
